<?xml version="1.0" encoding="UTF-8"?>
<!-- Generated by org.testng.reporters.JUnitReportReporter -->
<testsuite skipped="0" hostname="VPIDAMAR-L-163" name="com.clopay.automationtesting.testcases.WhereToBuy_Residential" tests="6" failures="1" timestamp="31 May 2018 09:51:12 GMT" time="291.356" errors="0">
  <testcase name="Victoria" time="41.855" classname="com.clopay.automationtesting.testcases.WhereToBuy_Residential"/>
  <testcase name="Florida" time="40.549" classname="com.clopay.automationtesting.testcases.WhereToBuy_Residential"/>
  <testcase name="Phoenix" time="43.172" classname="com.clopay.automationtesting.testcases.WhereToBuy_Residential"/>
  <testcase name="Aurora" time="54.867" classname="com.clopay.automationtesting.testcases.WhereToBuy_Residential"/>
  <testcase name="NewYork" time="55.376" classname="com.clopay.automationtesting.testcases.WhereToBuy_Residential"/>
  <testcase name="California" time="55.537" classname="com.clopay.automationtesting.testcases.WhereToBuy_Residential">
    <failure type="java.lang.AssertionError" message="expected [CLOPAY DEALERS IN YOUR AREA] but found [We were unable to process your search. Please make sure that you have selected the correct country in the drop down.]">
      <![CDATA[java.lang.AssertionError: expected [CLOPAY DEALERS IN YOUR AREA] but found [We were unable to process your search. Please make sure that you have selected the correct country in the drop down.]
	at org.testng.Assert.fail(Assert.java:93)
	at org.testng.Assert.failNotEquals(Assert.java:512)
	at org.testng.Assert.assertEqualsImpl(Assert.java:134)
	at org.testng.Assert.assertEquals(Assert.java:115)
	at org.testng.Assert.assertEquals(Assert.java:189)
	at org.testng.Assert.assertEquals(Assert.java:199)
	at com.clopay.automationtesting.testcases.WhereToBuy_Residential.California(WhereToBuy_Residential.java:284)
	at sun.reflect.NativeMethodAccessorImpl.invoke0(Native Method)
	at sun.reflect.NativeMethodAccessorImpl.invoke(Unknown Source)
	at sun.reflect.DelegatingMethodAccessorImpl.invoke(Unknown Source)
	at java.lang.reflect.Method.invoke(Unknown Source)
	at org.testng.internal.MethodInvocationHelper.invokeMethod(MethodInvocationHelper.java:108)
	at org.testng.internal.Invoker.invokeMethod(Invoker.java:669)
	at org.testng.internal.Invoker.invokeTestMethod(Invoker.java:877)
	at org.testng.internal.Invoker.invokeTestMethods(Invoker.java:1201)
	at org.testng.internal.TestMethodWorker.invokeTestMethods(TestMethodWorker.java:125)
	at org.testng.internal.TestMethodWorker.run(TestMethodWorker.java:109)
	at org.testng.TestRunner.privateRun(TestRunner.java:776)
	at org.testng.TestRunner.run(TestRunner.java:634)
	at org.testng.SuiteRunner.runTest(SuiteRunner.java:425)
	at org.testng.SuiteRunner.runSequentially(SuiteRunner.java:420)
	at org.testng.SuiteRunner.privateRun(SuiteRunner.java:385)
	at org.testng.SuiteRunner.run(SuiteRunner.java:334)
	at org.testng.SuiteRunnerWorker.runSuite(SuiteRunnerWorker.java:52)
	at org.testng.SuiteRunnerWorker.run(SuiteRunnerWorker.java:86)
	at org.testng.TestNG.runSuitesSequentially(TestNG.java:1318)
	at org.testng.TestNG.runSuitesLocally(TestNG.java:1243)
	at org.testng.TestNG.runSuites(TestNG.java:1161)
	at org.testng.TestNG.run(TestNG.java:1129)
	at org.testng.remote.AbstractRemoteTestNG.run(AbstractRemoteTestNG.java:114)
	at org.testng.remote.RemoteTestNG.initAndRun(RemoteTestNG.java:251)
	at org.testng.remote.RemoteTestNG.main(RemoteTestNG.java:77)
]]>
    </failure>
  </testcase> <!-- California -->
</testsuite> <!-- com.clopay.automationtesting.testcases.WhereToBuy_Residential -->
